\BOOKMARK [0][-]{chapter*.1}{\376\377\000A\000G\000R\000A\000D\000E\000C\000I\000M\000I\000E\000N\000T\000O\000S}{}% 1
\BOOKMARK [0][-]{chapter*.2}{\376\377\000R\000E\000S\000U\000M\000E\000N}{}% 2
\BOOKMARK [0][-]{chapter*.3}{\376\377\000A\000B\000S\000T\000R\000A\000C\000T}{}% 3
\BOOKMARK [0][-]{chapter*.7}{\376\377\000I\000N\000T\000R\000O\000D\000U\000C\000C\000I\000\323\000N}{}% 4
\BOOKMARK [0][-]{chapter.1}{\376\377\000P\000l\000a\000n\000t\000e\000a\000m\000i\000e\000n\000t\000o\000\040\000d\000e\000l\000\040\000p\000r\000o\000b\000l\000e\000m\000a}{}% 5
\BOOKMARK [1][-]{section.1.1}{\376\377\000D\000e\000f\000i\000n\000i\000c\000i\000\363\000n\000\040\000d\000e\000l\000\040\000p\000r\000o\000b\000l\000e\000m\000a}{chapter.1}% 6
\BOOKMARK [1][-]{section.1.2}{\376\377\000P\000r\000o\000p\000u\000e\000s\000t\000a\000\040\000d\000e\000\040\000s\000o\000l\000u\000c\000i\000\363\000n}{chapter.1}% 7
\BOOKMARK [2][-]{subsection.1.2.1}{\376\377\000D\000e\000s\000c\000r\000i\000p\000c\000i\000\363\000n\000\040\000d\000e\000\040\000l\000o\000s\000\040\000m\000\363\000d\000u\000l\000o\000s\000\040\000d\000e\000l\000\040\000s\000i\000s\000t\000e\000m\000a}{section.1.2}% 8
\BOOKMARK [2][-]{subsection.1.2.2}{\376\377\000M\000e\000t\000o\000d\000o\000l\000o\000g\000\355\000a\000\040\000d\000e\000\040\000o\000p\000e\000r\000a\000c\000i\000\363\000n}{section.1.2}% 9
\BOOKMARK [2][-]{subsection.1.2.3}{\376\377\000D\000i\000a\000g\000r\000a\000m\000a\000\040\000d\000e\000\040\000b\000l\000o\000q\000u\000e\000s\000\040\000d\000e\000l\000\040\000s\000i\000s\000t\000e\000m\000a\000\040\000p\000r\000o\000p\000u\000e\000s\000t\000o}{section.1.2}% 10
\BOOKMARK [2][-]{subsection.1.2.4}{\376\377\000D\000e\000s\000c\000r\000i\000p\000c\000i\000\363\000n\000\040\000d\000e\000l\000\040\000s\000i\000s\000t\000e\000m\000a\000\040\000p\000r\000o\000p\000u\000e\000s\000t\000o}{section.1.2}% 11
\BOOKMARK [1][-]{section.1.3}{\376\377\000O\000b\000j\000e\000t\000i\000v\000o\000s}{chapter.1}% 12
\BOOKMARK [2][-]{subsection.1.3.1}{\376\377\000O\000b\000j\000e\000t\000i\000v\000o\000\040\000g\000e\000n\000e\000r\000a\000l}{section.1.3}% 13
\BOOKMARK [2][-]{subsection.1.3.2}{\376\377\000O\000b\000j\000e\000t\000i\000v\000o\000s\000\040\000e\000s\000p\000e\000c\000\355\000f\000i\000c\000o\000s}{section.1.3}% 14
\BOOKMARK [1][-]{section.1.4}{\376\377\000A\000l\000c\000a\000n\000c\000e\000s\000\040\000y\000\040\000l\000i\000m\000i\000t\000a\000c\000i\000o\000n\000e\000s}{chapter.1}% 15
\BOOKMARK [2][-]{subsection.1.4.1}{\376\377\000A\000l\000c\000a\000n\000c\000e\000s}{section.1.4}% 16
\BOOKMARK [2][-]{subsection.1.4.2}{\376\377\000L\000i\000m\000i\000t\000a\000c\000i\000o\000n\000e\000s}{section.1.4}% 17
\BOOKMARK [1][-]{section.1.5}{\376\377\000J\000u\000s\000t\000i\000f\000i\000c\000a\000c\000i\000\363\000n}{chapter.1}% 18
\BOOKMARK [1][-]{section.1.6}{\376\377\000M\000e\000t\000o\000d\000o\000l\000o\000g\000\355\000a}{chapter.1}% 19
\BOOKMARK [2][-]{subsection.1.6.1}{\376\377\000F\000a\000s\000e\000\040\0001\000:\000\040\000L\000e\000v\000a\000n\000t\000a\000m\000i\000e\000n\000t\000o\000\040\000d\000e\000\040\000r\000e\000q\000u\000i\000s\000i\000t\000o\000s\000\040\000y\000\040\000d\000e\000f\000i\000n\000i\000c\000i\000\363\000n\000\040\000d\000e\000\040\000a\000l\000c\000a\000n\000c\000e}{section.1.6}% 20
\BOOKMARK [2][-]{subsection.1.6.2}{\376\377\000F\000a\000s\000e\000\040\0002\000:\000\040\000D\000i\000s\000e\000\361\000o\000\040\000d\000e\000\040\000a\000r\000q\000u\000i\000t\000e\000c\000t\000u\000r\000a\000\040\000I\000o\000T\000\040\000d\000e\000l\000\040\000s\000i\000s\000t\000e\000m\000a}{section.1.6}% 21
\BOOKMARK [2][-]{subsection.1.6.3}{\376\377\000F\000a\000s\000e\000\040\0003\000:\000\040\000I\000m\000p\000l\000e\000m\000e\000n\000t\000a\000c\000i\000\363\000n\000\040\000d\000e\000l\000\040\000n\000o\000d\000o\000\040\000I\000o\000T\000\040\000\050\000a\000d\000q\000u\000i\000s\000i\000c\000i\000\363\000n\000\040\000y\000\040\000p\000r\000o\000c\000e\000s\000a\000m\000i\000e\000n\000t\000o\000\040\000l\000o\000c\000a\000l\000\051}{section.1.6}% 22
\BOOKMARK [2][-]{subsection.1.6.4}{\376\377\000F\000a\000s\000e\000\040\0004\000:\000\040\000C\000o\000m\000u\000n\000i\000c\000a\000c\000i\000\363\000n\000,\000\040\000g\000e\000s\000t\000i\000\363\000n\000\040\000d\000e\000\040\000d\000a\000t\000o\000s\000\040\000e\000\040\000i\000n\000t\000e\000g\000r\000a\000c\000i\000\363\000n\000\040\000d\000e\000\040\000s\000e\000r\000v\000i\000c\000i\000o\000s}{section.1.6}% 23
\BOOKMARK [2][-]{subsection.1.6.5}{\376\377\000F\000a\000s\000e\000\040\0005\000:\000\040\000P\000r\000u\000e\000b\000a\000s\000,\000\040\000v\000a\000l\000i\000d\000a\000c\000i\000\363\000n\000\040\000y\000\040\000a\000j\000u\000s\000t\000e\000\040\000i\000t\000e\000r\000a\000t\000i\000v\000o}{section.1.6}% 24
\BOOKMARK [1][-]{section.1.7}{\376\377\000P\000l\000a\000n\000\040\000d\000e\000\040\000t\000r\000a\000b\000a\000j\000o}{chapter.1}% 25
\BOOKMARK [0][-]{chapter.2}{\376\377\000E\000s\000t\000a\000d\000o\000\040\000d\000e\000l\000\040\000a\000r\000t\000e}{}% 26
\BOOKMARK [1][-]{section.2.1}{\376\377\000S\000o\000l\000u\000c\000i\000o\000n\000e\000s\000\040\000d\000e\000\040\000m\000o\000n\000i\000t\000o\000r\000e\000o\000\040\000e\000n\000e\000r\000g\000\351\000t\000i\000c\000o\000\040\000b\000a\000s\000a\000d\000a\000s\000\040\000e\000n\000\040\000E\000S\000P\0003\0002\000\040\000e\000\040\000I\000o\000T}{chapter.2}% 27
\BOOKMARK [1][-]{section.2.2}{\376\377\000T\000r\000a\000b\000a\000j\000o\000s\000\040\000a\000c\000a\000d\000\351\000m\000i\000c\000o\000s\000\040\000s\000o\000b\000r\000e\000\040\000d\000e\000t\000e\000c\000c\000i\000\363\000n\000\040\000d\000e\000\040\000a\000n\000o\000m\000a\000l\000\355\000a\000s\000\040\000e\000n\000\040\000c\000o\000n\000s\000u\000m\000o\000\040\000e\000n\000e\000r\000g\000\351\000t\000i\000c\000o}{chapter.2}% 28
\BOOKMARK [1][-]{section.2.3}{\376\377\000P\000r\000o\000y\000e\000c\000t\000o\000s\000\040\000u\000n\000i\000v\000e\000r\000s\000i\000t\000a\000r\000i\000o\000s\000\040\000y\000\040\000d\000e\000s\000a\000r\000r\000o\000l\000l\000o\000s\000\040\000a\000c\000a\000d\000\351\000m\000i\000c\000o\000s\000\040\000a\000p\000l\000i\000c\000a\000d\000o\000s}{chapter.2}% 29
\BOOKMARK [1][-]{section.2.4}{\376\377\000A\000n\000t\000e\000c\000e\000d\000e\000n\000t\000e\000\040\000i\000n\000s\000t\000i\000t\000u\000c\000i\000o\000n\000a\000l\000\040\000e\000n\000\040\000e\000l\000\040\000I\000n\000s\000t\000i\000t\000u\000t\000o\000\040\000P\000o\000l\000i\000t\000\351\000c\000n\000i\000c\000o\000\040\000N\000a\000c\000i\000o\000n\000a\000l}{chapter.2}% 30
\BOOKMARK [1][-]{section.2.5}{\376\377\000S\000\355\000n\000t\000e\000s\000i\000s\000\040\000d\000e\000l\000\040\000a\000n\000\341\000l\000i\000s\000i\000s}{chapter.2}% 31
\BOOKMARK [1][-]{section.2.6}{\376\377\000A\000n\000\341\000l\000i\000s\000i\000s\000\040\000C\000o\000m\000p\000a\000r\000a\000t\000i\000v\000o\000\040\000y\000\040\000D\000i\000f\000e\000r\000e\000n\000c\000i\000a\000c\000i\000\363\000n}{chapter.2}% 32
\BOOKMARK [0][-]{chapter.3}{\376\377\000M\000a\000r\000c\000o\000\040\000T\000e\000\363\000r\000i\000c\000o}{}% 33
\BOOKMARK [1][-]{section.3.1}{\376\377\000F\000u\000n\000d\000a\000m\000e\000n\000t\000o\000s\000\040\000d\000e\000\040\000e\000n\000e\000r\000g\000\355\000a\000\040\000e\000l\000\351\000c\000t\000r\000i\000c\000a\000\040\000e\000n\000\040\000e\000n\000t\000o\000r\000n\000o\000s\000\040\000r\000e\000s\000i\000d\000e\000n\000c\000i\000a\000l\000e\000s}{chapter.3}% 34
\BOOKMARK [2][-]{subsection.3.1.1}{\376\377\000M\000a\000g\000n\000i\000t\000u\000d\000e\000s\000\040\000e\000l\000\351\000c\000t\000r\000i\000c\000a\000s\000\040\000f\000u\000n\000d\000a\000m\000e\000n\000t\000a\000l\000e\000s}{section.3.1}% 35
\BOOKMARK [2][-]{subsection.3.1.2}{\376\377\000T\000r\000i\000\341\000n\000g\000u\000l\000o\000\040\000d\000e\000\040\000p\000o\000t\000e\000n\000c\000i\000a\000s}{section.3.1}% 36
\BOOKMARK [1][-]{section.3.2}{\376\377\000M\000o\000n\000i\000t\000o\000r\000e\000o\000\040\000d\000e\000\040\000c\000o\000n\000s\000u\000m\000o\000\040\000e\000l\000\351\000c\000t\000r\000i\000c\000o\000\040\000y\000\040\000s\000e\000n\000s\000a\000d\000o\000\040\000n\000o\000\040\000i\000n\000v\000a\000s\000i\000v\000o}{chapter.3}% 37
\BOOKMARK [2][-]{subsection.3.2.1}{\376\377\000T\000r\000a\000n\000s\000f\000o\000r\000m\000a\000d\000o\000r\000e\000s\000\040\000d\000e\000\040\000C\000o\000r\000r\000i\000e\000n\000t\000e\000\040\000\050\000C\000T\000\051}{section.3.2}% 38
\BOOKMARK [2][-]{subsection.3.2.2}{\376\377\000S\000e\000n\000s\000o\000r\000\040\000S\000C\000T\000-\0000\0001\0003\000\040\000y\000\040\000A\000c\000o\000n\000d\000i\000c\000i\000o\000n\000a\000m\000i\000e\000n\000t\000o\000\040\000d\000e\000\040\000S\000e\000\361\000a\000l}{section.3.2}% 39
\BOOKMARK [1][-]{section.3.3}{\376\377\000S\000i\000s\000t\000e\000m\000a\000s\000\040\000e\000m\000b\000e\000b\000i\000d\000o\000s\000\040\000p\000a\000r\000a\000\040\000a\000d\000q\000u\000i\000s\000i\000c\000i\000\363\000n\000\040\000y\000\040\000p\000r\000o\000c\000e\000s\000a\000m\000i\000e\000n\000t\000o}{chapter.3}% 40
\BOOKMARK [2][-]{subsection.3.3.1}{\376\377\000M\000i\000c\000r\000o\000c\000o\000n\000t\000r\000o\000l\000a\000d\000o\000r\000\040\000E\000S\000P\0003\0002}{section.3.3}% 41
\BOOKMARK [2][-]{subsection.3.3.2}{\376\377\000C\000o\000n\000v\000e\000r\000s\000i\000\363\000n\000\040\000A\000n\000a\000l\000\363\000g\000i\000c\000o\000-\000D\000i\000g\000i\000t\000a\000l\000\040\000\050\000A\000D\000C\000\051}{section.3.3}% 42
\BOOKMARK [1][-]{section.3.4}{\376\377\000I\000n\000t\000e\000r\000n\000e\000t\000\040\000d\000e\000\040\000l\000a\000s\000\040\000C\000o\000s\000a\000s\000\040\000a\000p\000l\000i\000c\000a\000d\000o\000\040\000a\000l\000\040\000m\000o\000n\000i\000t\000o\000r\000e\000o\000\040\000e\000n\000e\000r\000g\000\351\000t\000i\000c\000o}{chapter.3}% 43
\BOOKMARK [2][-]{subsection.3.4.1}{\376\377\000D\000e\000f\000i\000n\000i\000c\000i\000\363\000n\000\040\000y\000\040\000a\000r\000q\000u\000i\000t\000e\000c\000t\000u\000r\000a\000\040\000f\000u\000n\000c\000i\000o\000n\000a\000l\000\040\000d\000e\000\040\000I\000o\000T}{section.3.4}% 44
\BOOKMARK [2][-]{subsection.3.4.2}{\376\377\000P\000r\000o\000c\000e\000s\000a\000m\000i\000e\000n\000t\000o\000\040\000e\000n\000\040\000e\000l\000\040\000b\000o\000r\000d\000e\000\040\000\050\000E\000d\000g\000e\000\040\000C\000o\000m\000p\000u\000t\000i\000n\000g\000\051}{section.3.4}% 45
\BOOKMARK [2][-]{subsection.3.4.3}{\376\377\000I\000n\000t\000e\000g\000r\000a\000c\000i\000\363\000n\000\040\000d\000e\000\040\000s\000e\000n\000s\000a\000d\000o\000,\000\040\000p\000r\000o\000c\000e\000s\000a\000m\000i\000e\000n\000t\000o\000\040\000y\000\040\000s\000e\000r\000v\000i\000c\000i\000o\000s}{section.3.4}% 46
\BOOKMARK [1][-]{section.3.5}{\376\377\000P\000r\000o\000t\000o\000c\000o\000l\000o\000s\000\040\000d\000e\000\040\000c\000o\000m\000u\000n\000i\000c\000a\000c\000i\000\363\000n\000\040\000p\000a\000r\000a\000\040\000t\000e\000l\000e\000m\000e\000t\000r\000\355\000a}{chapter.3}% 47
\BOOKMARK [2][-]{subsection.3.5.1}{\376\377\000C\000o\000m\000u\000n\000i\000c\000a\000c\000i\000\363\000n\000\040\000b\000a\000s\000a\000d\000a\000\040\000e\000n\000\040\000H\000T\000T\000P\000/\000R\000E\000S\000T}{section.3.5}% 48
\BOOKMARK [2][-]{subsection.3.5.2}{\376\377\000P\000r\000o\000t\000o\000c\000o\000l\000o\000\040\000M\000Q\000T\000T}{section.3.5}% 49
\BOOKMARK [2][-]{subsection.3.5.3}{\376\377\000C\000o\000m\000p\000a\000r\000a\000c\000i\000\363\000n\000\040\000e\000n\000t\000r\000e\000\040\000H\000T\000T\000P\000\040\000y\000\040\000M\000Q\000T\000T\000\040\000e\000n\000\040\000a\000p\000l\000i\000c\000a\000c\000i\000o\000n\000e\000s\000\040\000I\000o\000T}{section.3.5}% 50
\BOOKMARK [1][-]{section.3.6}{\376\377\000D\000e\000t\000e\000c\000c\000i\000\363\000n\000\040\000d\000e\000\040\000a\000n\000o\000m\000a\000l\000\355\000a\000s\000\040\000e\000n\000\040\000e\000l\000\040\000c\000o\000n\000s\000u\000m\000o\000\040\000e\000l\000\351\000c\000t\000r\000i\000c\000o}{chapter.3}% 51
\BOOKMARK [2][-]{subsection.3.6.1}{\376\377\000C\000o\000n\000c\000e\000p\000t\000o\000\040\000d\000e\000\040\000a\000n\000o\000m\000a\000l\000\355\000a\000\040\000e\000n\000\040\000s\000e\000r\000i\000e\000s\000\040\000d\000e\000\040\000t\000i\000e\000m\000p\000o}{section.3.6}% 52
\BOOKMARK [2][-]{subsection.3.6.2}{\376\377\000A\000n\000o\000m\000a\000l\000\355\000a\000s\000\040\000e\000n\000\040\000p\000a\000t\000r\000o\000n\000e\000s\000\040\000d\000e\000\040\000c\000o\000n\000s\000u\000m\000o\000\040\000e\000l\000\351\000c\000t\000r\000i\000c\000o}{section.3.6}% 53
\BOOKMARK [2][-]{subsection.3.6.3}{\376\377\000E\000n\000f\000o\000q\000u\000e\000s\000\040\000d\000e\000\040\000d\000e\000t\000e\000c\000c\000i\000\363\000n\000\040\000b\000a\000s\000a\000d\000o\000s\000\040\000e\000n\000\040\000r\000e\000g\000l\000a\000s\000,\000\040\000u\000m\000b\000r\000a\000l\000e\000s\000\040\000y\000\040\000v\000e\000n\000t\000a\000n\000a\000s\000\040\000d\000e\000\040\000t\000i\000e\000m\000p\000o}{section.3.6}% 54
\BOOKMARK [1][-]{section.3.7}{\376\377\000V\000i\000s\000u\000a\000l\000i\000z\000a\000c\000i\000\363\000n\000\040\000d\000e\000\040\000d\000a\000t\000o\000s\000\040\000y\000\040\000a\000p\000o\000y\000o\000\040\000a\000\040\000l\000a\000\040\000t\000o\000m\000a\000\040\000d\000e\000\040\000d\000e\000c\000i\000s\000i\000o\000n\000e\000s}{chapter.3}% 55
\BOOKMARK [2][-]{subsection.3.7.1}{\376\377\000V\000i\000s\000u\000a\000l\000i\000z\000a\000c\000i\000\363\000n\000\040\000l\000o\000c\000a\000l\000\040\000m\000e\000d\000i\000a\000n\000t\000e\000\040\000p\000a\000n\000t\000a\000l\000l\000a\000\040\000O\000L\000E\000D}{section.3.7}% 56
\BOOKMARK [2][-]{subsection.3.7.2}{\376\377\000M\000o\000n\000i\000t\000o\000r\000e\000o\000\040\000r\000e\000m\000o\000t\000o\000\040\000y\000\040\000c\000o\000n\000s\000u\000l\000t\000a\000\040\000h\000i\000s\000t\000\363\000r\000i\000c\000a}{section.3.7}% 57
\BOOKMARK [2][-]{subsection.3.7.3}{\376\377\000U\000t\000i\000l\000i\000d\000a\000d\000\040\000d\000e\000\040\000l\000a\000\040\000r\000e\000t\000r\000o\000a\000l\000i\000m\000e\000n\000t\000a\000c\000i\000\363\000n\000\040\000p\000a\000r\000a\000\040\000m\000a\000n\000t\000e\000n\000i\000m\000i\000e\000n\000t\000o\000\040\000p\000r\000e\000v\000e\000n\000t\000i\000v\000o}{section.3.7}% 58
\BOOKMARK [0][-]{chapter.4}{\376\377\000A\000n\000\341\000l\000i\000s\000i\000s\000\040\000d\000e\000l\000\040\000S\000i\000s\000t\000e\000m\000a}{}% 59
\BOOKMARK [0][-]{chapter.5}{\376\377\000D\000i\000s\000e\000\361\000o\000\040\000d\000e\000l\000\040\000S\000i\000s\000t\000e\000m\000a}{}% 60
\BOOKMARK [0][-]{chapter.6}{\376\377\000I\000m\000p\000l\000e\000m\000e\000n\000t\000a\000c\000i\000\363\000n\000\040\000d\000e\000l\000\040\000S\000i\000s\000t\000e\000m\000a}{}% 61
\BOOKMARK [1][-]{section.6.1}{\376\377\000E\000j\000e\000m\000p\000l\000o\000s\000\040\000d\000e\000\040\000c\000\363\000d\000i\000g\000o}{chapter.6}% 62
\BOOKMARK [0][-]{chapter.7}{\376\377\000P\000r\000u\000e\000b\000a\000s\000\040\000y\000\040\000R\000e\000s\000u\000l\000t\000a\000d\000o\000s}{}% 63
\BOOKMARK [0][-]{chapter.8}{\376\377\000C\000o\000n\000c\000l\000u\000s\000i\000o\000n\000e\000s\000\040\000y\000\040\000T\000r\000a\000b\000a\000j\000o\000\040\000F\000u\000t\000u\000r\000o}{}% 64
\BOOKMARK [0][-]{appendix.A}{\376\377\000G\000u\000\355\000a\000\040\000d\000e\000\040\000d\000e\000s\000p\000l\000i\000e\000g\000u\000e}{}% 65
\BOOKMARK [0][-]{appendix.B}{\376\377\000D\000a\000t\000a\000s\000e\000t\000s\000\040\000e\000\040\000i\000n\000s\000t\000r\000u\000m\000e\000n\000t\000a\000c\000i\000\363\000n}{}% 66
\BOOKMARK [0][-]{appendix.C}{\376\377\000D\000o\000c\000u\000m\000e\000n\000t\000a\000c\000i\000\363\000n\000\040\000a\000d\000i\000c\000i\000o\000n\000a\000l}{}% 67
\BOOKMARK [0][-]{appendix*.23}{\376\377\000R\000e\000f\000e\000r\000e\000n\000c\000i\000a\000s}{}% 68
