\BOOKMARK [0][-]{chapter*.1}{\376\377\000A\000G\000R\000A\000D\000E\000C\000I\000M\000I\000E\000N\000T\000O\000S}{}% 1
\BOOKMARK [0][-]{chapter*.2}{\376\377\000R\000E\000S\000U\000M\000E\000N}{}% 2
\BOOKMARK [0][-]{chapter*.3}{\376\377\000A\000B\000S\000T\000R\000A\000C\000T}{}% 3
\BOOKMARK [0][-]{chapter.1}{\376\377\000I\000n\000t\000r\000o\000d\000u\000c\000c\000i\000\363\000n}{}% 4
\BOOKMARK [1][-]{section.1.1}{\376\377\000C\000o\000n\000t\000e\000x\000t\000o\000\040\000y\000\040\000m\000o\000t\000i\000v\000a\000c\000i\000\363\000n}{chapter.1}% 5
\BOOKMARK [1][-]{section.1.2}{\376\377\000P\000l\000a\000n\000t\000e\000a\000m\000i\000e\000n\000t\000o\000\040\000d\000e\000l\000\040\000p\000r\000o\000b\000l\000e\000m\000a}{chapter.1}% 6
\BOOKMARK [1][-]{section.1.3}{\376\377\000O\000b\000j\000e\000t\000i\000v\000o\000s}{chapter.1}% 7
\BOOKMARK [2][-]{subsection.1.3.1}{\376\377\000O\000b\000j\000e\000t\000i\000v\000o\000\040\000g\000e\000n\000e\000r\000a\000l}{section.1.3}% 8
\BOOKMARK [2][-]{subsection.1.3.2}{\376\377\000O\000b\000j\000e\000t\000i\000v\000o\000s\000\040\000e\000s\000p\000e\000c\000\355\000f\000i\000c\000o\000s}{section.1.3}% 9
\BOOKMARK [1][-]{section.1.4}{\376\377\000A\000l\000c\000a\000n\000c\000e\000\040\000y\000\040\000l\000i\000m\000i\000t\000a\000c\000i\000o\000n\000e\000s}{chapter.1}% 10
\BOOKMARK [1][-]{section.1.5}{\376\377\000E\000s\000t\000r\000u\000c\000t\000u\000r\000a\000\040\000d\000e\000l\000\040\000d\000o\000c\000u\000m\000e\000n\000t\000o}{chapter.1}% 11
\BOOKMARK [0][-]{chapter.2}{\376\377\000E\000s\000t\000a\000d\000o\000\040\000d\000e\000l\000\040\000A\000r\000t\000e}{}% 12
\BOOKMARK [0][-]{chapter.3}{\376\377\000M\000a\000r\000c\000o\000\040\000T\000e\000\363\000r\000i\000c\000o}{}% 13
\BOOKMARK [1][-]{section.3.1}{\376\377\000F\000u\000n\000d\000a\000m\000e\000n\000t\000o\000s\000\040\000d\000e\000\040\000m\000e\000d\000i\000c\000i\000\363\000n\000\040\000y\000\040\000e\000n\000e\000r\000g\000\355\000a}{chapter.3}% 14
\BOOKMARK [1][-]{section.3.2}{\376\377\000P\000r\000o\000t\000o\000c\000o\000l\000o\000s\000\040\000I\000o\000T\000\040\000y\000\040\000s\000e\000g\000u\000r\000i\000d\000a\000d}{chapter.3}% 15
\BOOKMARK [1][-]{section.3.3}{\376\377\000M\000o\000d\000e\000l\000o\000s\000\040\000y\000\040\000t\000\351\000c\000n\000i\000c\000a\000s\000\040\000d\000e\000\040\000d\000e\000t\000e\000c\000c\000i\000\363\000n\000\040\000d\000e\000\040\000a\000n\000o\000m\000a\000l\000\355\000a\000s}{chapter.3}% 16
\BOOKMARK [0][-]{chapter.4}{\376\377\000A\000n\000\341\000l\000i\000s\000i\000s\000\040\000d\000e\000l\000\040\000S\000i\000s\000t\000e\000m\000a}{}% 17
\BOOKMARK [1][-]{section.4.1}{\376\377\000R\000e\000q\000u\000e\000r\000i\000m\000i\000e\000n\000t\000o\000s\000\040\000f\000u\000n\000c\000i\000o\000n\000a\000l\000e\000s}{chapter.4}% 18
\BOOKMARK [1][-]{section.4.2}{\376\377\000R\000e\000q\000u\000e\000r\000i\000m\000i\000e\000n\000t\000o\000s\000\040\000n\000o\000\040\000f\000u\000n\000c\000i\000o\000n\000a\000l\000e\000s}{chapter.4}% 19
\BOOKMARK [1][-]{section.4.3}{\376\377\000C\000a\000s\000o\000s\000\040\000d\000e\000\040\000u\000s\000o\000\040\000y\000\040\000a\000c\000t\000o\000r\000e\000s}{chapter.4}% 20
\BOOKMARK [1][-]{section.4.4}{\376\377\000R\000i\000e\000s\000g\000o\000s\000\040\000y\000\040\000s\000u\000p\000u\000e\000s\000t\000o\000s}{chapter.4}% 21
\BOOKMARK [0][-]{chapter.5}{\376\377\000D\000i\000s\000e\000\361\000o\000\040\000d\000e\000l\000\040\000S\000i\000s\000t\000e\000m\000a}{}% 22
\BOOKMARK [1][-]{section.5.1}{\376\377\000A\000r\000q\000u\000i\000t\000e\000c\000t\000u\000r\000a\000\040\000p\000r\000o\000p\000u\000e\000s\000t\000a}{chapter.5}% 23
\BOOKMARK [1][-]{section.5.2}{\376\377\000D\000i\000s\000e\000\361\000o\000\040\000d\000e\000\040\000d\000a\000t\000o\000s\000\040\000y\000\040\000t\000\363\000p\000i\000c\000o\000s}{chapter.5}% 24
\BOOKMARK [1][-]{section.5.3}{\376\377\000D\000i\000s\000e\000\361\000o\000\040\000d\000e\000\040\000s\000e\000r\000v\000i\000c\000i\000o\000s\000\040\000e\000\040\000i\000n\000t\000e\000r\000f\000a\000c\000e\000s}{chapter.5}% 25
\BOOKMARK [1][-]{section.5.4}{\376\377\000D\000i\000a\000g\000r\000a\000m\000a\000s\000\040\000d\000e\000\040\000c\000o\000m\000p\000o\000n\000e\000n\000t\000e\000s\000\040\000y\000\040\000s\000e\000c\000u\000e\000n\000c\000i\000a}{chapter.5}% 26
\BOOKMARK [0][-]{chapter.6}{\376\377\000I\000m\000p\000l\000e\000m\000e\000n\000t\000a\000c\000i\000\363\000n\000\040\000d\000e\000l\000\040\000S\000i\000s\000t\000e\000m\000a}{}% 27
\BOOKMARK [1][-]{section.6.1}{\376\377\000E\000n\000t\000o\000r\000n\000o\000\040\000y\000\040\000h\000e\000r\000r\000a\000m\000i\000e\000n\000t\000a\000s}{chapter.6}% 28
\BOOKMARK [1][-]{section.6.2}{\376\377\000M\000\363\000d\000u\000l\000o\000s\000\040\000i\000m\000p\000l\000e\000m\000e\000n\000t\000a\000d\000o\000s}{chapter.6}% 29
\BOOKMARK [1][-]{section.6.3}{\376\377\000C\000o\000n\000f\000i\000g\000u\000r\000a\000c\000i\000\363\000n\000\040\000y\000\040\000d\000e\000s\000p\000l\000i\000e\000g\000u\000e}{chapter.6}% 30
\BOOKMARK [1][-]{section.6.4}{\376\377\000E\000j\000e\000m\000p\000l\000o\000s\000\040\000d\000e\000\040\000c\000\363\000d\000i\000g\000o}{chapter.6}% 31
\BOOKMARK [0][-]{chapter.7}{\376\377\000P\000r\000u\000e\000b\000a\000s\000\040\000y\000\040\000R\000e\000s\000u\000l\000t\000a\000d\000o\000s}{}% 32
\BOOKMARK [1][-]{section.7.1}{\376\377\000P\000l\000a\000n\000\040\000y\000\040\000m\000e\000t\000o\000d\000o\000l\000o\000g\000\355\000a\000\040\000d\000e\000\040\000p\000r\000u\000e\000b\000a\000s}{chapter.7}% 33
\BOOKMARK [1][-]{section.7.2}{\376\377\000P\000r\000u\000e\000b\000a\000s\000\040\000f\000u\000n\000c\000i\000o\000n\000a\000l\000e\000s\000\040\000e\000\040\000i\000n\000t\000e\000g\000r\000a\000c\000i\000\363\000n}{chapter.7}% 34
\BOOKMARK [1][-]{section.7.3}{\376\377\000R\000e\000n\000d\000i\000m\000i\000e\000n\000t\000o\000\040\000y\000\040\000e\000s\000c\000a\000l\000a\000b\000i\000l\000i\000d\000a\000d}{chapter.7}% 35
\BOOKMARK [1][-]{section.7.4}{\376\377\000R\000e\000s\000u\000l\000t\000a\000d\000o\000s\000\040\000y\000\040\000d\000i\000s\000c\000u\000s\000i\000\363\000n}{chapter.7}% 36
\BOOKMARK [0][-]{chapter.8}{\376\377\000C\000o\000n\000c\000l\000u\000s\000i\000o\000n\000e\000s\000\040\000y\000\040\000T\000r\000a\000b\000a\000j\000o\000\040\000F\000u\000t\000u\000r\000o}{}% 37
\BOOKMARK [1][-]{section.8.1}{\376\377\000C\000o\000n\000c\000l\000u\000s\000i\000o\000n\000e\000s}{chapter.8}% 38
\BOOKMARK [1][-]{section.8.2}{\376\377\000L\000i\000m\000i\000t\000a\000c\000i\000o\000n\000e\000s}{chapter.8}% 39
\BOOKMARK [1][-]{section.8.3}{\376\377\000L\000\355\000n\000e\000a\000s\000\040\000d\000e\000\040\000t\000r\000a\000b\000a\000j\000o\000\040\000f\000u\000t\000u\000r\000o}{chapter.8}% 40
\BOOKMARK [0][-]{appendix.A}{\376\377\000G\000u\000\355\000a\000\040\000d\000e\000\040\000d\000e\000s\000p\000l\000i\000e\000g\000u\000e}{}% 41
\BOOKMARK [0][-]{appendix.B}{\376\377\000D\000a\000t\000a\000s\000e\000t\000s\000\040\000e\000\040\000i\000n\000s\000t\000r\000u\000m\000e\000n\000t\000a\000c\000i\000\363\000n}{}% 42
\BOOKMARK [0][-]{appendix.C}{\376\377\000D\000o\000c\000u\000m\000e\000n\000t\000a\000c\000i\000\363\000n\000\040\000a\000d\000i\000c\000i\000o\000n\000a\000l}{}% 43
\BOOKMARK [0][-]{appendix*.7}{\376\377\000R\000e\000f\000e\000r\000e\000n\000c\000i\000a\000s}{}% 44
